⠏ |  0       | Testing Succeeded!⠋ |  1       | Testing Succeeded!✔ |  1       | Testing Succeeded!
⠏ |  0       | Test Failed!⠋ |  0 1     | Test Failed!⠏ |  0       | Testing Succeeded!⠋ |  1       | Testing Succeeded!✔ |  1       | Testing Succeeded!
⠏ |  0       | Test Failed!⠋ |  0 1     | Test Failed!⠏ |  0       | Testing Succeeded!⠋ |  1       | Testing Succeeded!✔ |  1       | Testing Succeeded!
⠏ |  0       | Test Failed!⠋ |  0 1     | Test Failed!⠏ |  0       | Testing Succeeded!⠋ |  1       | Testing Succeeded!✔ |  1       | Testing Succeeded!
⠏ |  0       | Test Failed!⠋ |  0 1     | Test Failed!